<?xml version="1.0" encoding="UTF-8"?>
<!-- Generated by org.testng.reporters.JUnitReportReporter -->
<testsuite hostname="IBM-PF3AFQC2" failures="0" tests="4" name="com.infi.VBank.TestScripts.Test_Script_001" time="0.620" errors="0" timestamp="2022-11-03T23:21:21 ADT" skipped="3">
  <testcase classname="com.infi.VBank.TestScripts.Test_Script_001" name="validateusercredentials" time="0.620"/>
  <system-out/>
  <testcase classname="com.infi.VBank.TestScripts.Test_Script_001" name="validateLogin">
    <skipped/>
  </testcase> <!-- validateLogin -->
  <system-out/>
  <testcase classname="com.infi.VBank.TestScripts.Test_Script_001" name="validateusercredentialsDisplay">
    <skipped/>
  </testcase> <!-- validateusercredentialsDisplay -->
  <system-out/>
  <testcase classname="com.infi.VBank.TestScripts.Test_Script_001" name="validaeLoginDDF">
    <skipped/>
  </testcase> <!-- validaeLoginDDF -->
  <system-out/>
</testsuite> <!-- com.infi.VBank.TestScripts.Test_Script_001 -->
