<?xml version="1.0" encoding="UTF-8"?>
<!-- Generated by org.testng.reporters.JUnitReportReporter -->
<testsuite hostname="IBM-PF3AFQC2" failures="0" tests="5" name="com.infi.VBank.TestScripts.Test_Script_001" time="17.880" errors="0" timestamp="2022-11-06T21:24:59 AST" skipped="0">
  <testcase classname="com.infi.VBank.TestScripts.Test_Script_001" name="validateLoginDDF" time="4.181"/>
  <system-out/>
  <testcase classname="com.infi.VBank.TestScripts.Test_Script_001" name="validateLoginDDF" time="3.317"/>
  <system-out/>
  <testcase classname="com.infi.VBank.TestScripts.Test_Script_001" name="validateLoginDDF" time="3.288"/>
  <system-out/>
  <testcase classname="com.infi.VBank.TestScripts.Test_Script_001" name="validateLoginDDF" time="3.485"/>
  <system-out/>
  <testcase classname="com.infi.VBank.TestScripts.Test_Script_001" name="validateLoginDDF" time="3.609"/>
  <system-out/>
</testsuite> <!-- com.infi.VBank.TestScripts.Test_Script_001 -->
